<?xml version="1.0" encoding="UTF-8"?>
<!-- Generated by org.testng.reporters.JUnitReportReporter -->
<testsuite hostname="Krishnakittu" failures="0" tests="2" name="Allpagestest.Logintest" time="18.436" errors="0" timestamp="2024-09-30T15:53:47 IST" skipped="0">
  <testcase classname="Allpagestest.Logintest" name="logintest" time="11.510"/>
  <testcase classname="Allpagestest.Logintest" name="logintest" time="6.926"/>
</testsuite> <!-- Allpagestest.Logintest -->
