<?xml version="1.0" encoding="UTF-8"?>
<!-- Generated by org.testng.reporters.JUnitReportReporter -->
<testsuite hostname="Krishnakittu" failures="0" tests="12" name="Allpagestests.Loginpagetest" time="14.707" errors="0" timestamp="2024-09-23T14:41:28 IST" skipped="0">
  <testcase classname="Allpagestests.Loginpagetest" name="navigatetodashboardtest" time="0.010"/>
  <testcase classname="Allpagestests.Loginpagetest" name="logintest" time="4.935"/>
  <testcase classname="Allpagestests.Loginpagetest" name="getpagetitletest" time="0.075"/>
  <testcase classname="Allpagestests.Loginpagetest" name="logintest" time="4.368"/>
  <testcase classname="Allpagestests.Loginpagetest" name="navigatetodashboardtest" time="0.012"/>
  <testcase classname="Allpagestests.Loginpagetest" name="getpagetitletest" time="0.038"/>
  <testcase classname="Allpagestests.Loginpagetest" name="geturltest" time="0.019"/>
  <testcase classname="Allpagestests.Loginpagetest" name="navigatetodashboardtest" time="0.002"/>
  <testcase classname="Allpagestests.Loginpagetest" name="logintest" time="5.083"/>
  <testcase classname="Allpagestests.Loginpagetest" name="geturltest" time="0.032"/>
  <testcase classname="Allpagestests.Loginpagetest" name="getpagetitletest" time="0.070"/>
  <testcase classname="Allpagestests.Loginpagetest" name="geturltest" time="0.063"/>
</testsuite> <!-- Allpagestests.Loginpagetest -->
