<?xml version="1.0" encoding="UTF-8"?>
<!-- Generated by org.testng.reporters.JUnitReportReporter -->
<testsuite hostname="Krishnakittu" failures="0" tests="6" name="Allpagestests.Dashboardpagetest" time="4.021" errors="0" timestamp="2024-09-23T14:41:28 IST" skipped="0">
  <testcase classname="Allpagestests.Dashboardpagetest" name="checkusernametest" time="0.093"/>
  <testcase classname="Allpagestests.Dashboardpagetest" name="checkusernametest" time="0.089"/>
  <testcase classname="Allpagestests.Dashboardpagetest" name="checkusernametest" time="0.088"/>
  <testcase classname="Allpagestests.Dashboardpagetest" name="userlogout" time="1.281"/>
  <testcase classname="Allpagestests.Dashboardpagetest" name="userlogout" time="1.267"/>
  <testcase classname="Allpagestests.Dashboardpagetest" name="userlogout" time="1.203"/>
</testsuite> <!-- Allpagestests.Dashboardpagetest -->
