<?xml version="1.0" encoding="UTF-8"?>
<testsuite xmlns:xsi="http://www.w3.org/2001/XMLSchema-instance" xsi:noNamespaceSchemaLocation="https://maven.apache.org/surefire/maven-surefire-plugin/xsd/surefire-test-report-3.0.xsd" version="3.0" name="Runner.TestRunner" time="0.655" tests="1" errors="0" skipped="0" failures="1">
  <properties>
    <property name="java.specification.version" value="21"/>
    <property name="sun.cpu.isalist" value="amd64"/>
    <property name="sun.jnu.encoding" value="Cp1252"/>
    <property name="java.class.path" value="C:\Users\Krishna\eclipse-workspace\Crashcourse1\target\test-classes;C:\Users\Krishna\eclipse-workspace\Crashcourse1\target\classes;C:\Users\Krishna\.m2\repository\io\github\bonigarcia\webdrivermanager\5.9.2\webdrivermanager-5.9.2.jar;C:\Users\Krishna\.m2\repository\org\slf4j\slf4j-api\2.0.13\slf4j-api-2.0.13.jar;C:\Users\Krishna\.m2\repository\com\google\code\gson\gson\2.11.0\gson-2.11.0.jar;C:\Users\Krishna\.m2\repository\com\google\errorprone\error_prone_annotations\2.27.0\error_prone_annotations-2.27.0.jar;C:\Users\Krishna\.m2\repository\com\github\docker-java\docker-java\3.4.0\docker-java-3.4.0.jar;C:\Users\Krishna\.m2\repository\com\github\docker-java\docker-java-core\3.4.0\docker-java-core-3.4.0.jar;C:\Users\Krishna\.m2\repository\com\github\docker-java\docker-java-api\3.4.0\docker-java-api-3.4.0.jar;C:\Users\Krishna\.m2\repository\com\fasterxml\jackson\core\jackson-annotations\2.10.3\jackson-annotations-2.10.3.jar;C:\Users\Krishna\.m2\repository\com\fasterxml\jackson\core\jackson-databind\2.10.3\jackson-databind-2.10.3.jar;C:\Users\Krishna\.m2\repository\com\fasterxml\jackson\core\jackson-core\2.10.3\jackson-core-2.10.3.jar;C:\Users\Krishna\.m2\repository\org\slf4j\jcl-over-slf4j\1.7.30\jcl-over-slf4j-1.7.30.jar;C:\Users\Krishna\.m2\repository\com\github\docker-java\docker-java-transport-httpclient5\3.4.0\docker-java-transport-httpclient5-3.4.0.jar;C:\Users\Krishna\.m2\repository\com\github\docker-java\docker-java-transport\3.4.0\docker-java-transport-3.4.0.jar;C:\Users\Krishna\.m2\repository\net\java\dev\jna\jna\5.13.0\jna-5.13.0.jar;C:\Users\Krishna\.m2\repository\org\brotli\dec\0.1.2\dec-0.1.2.jar;C:\Users\Krishna\.m2\repository\org\apache\commons\commons-lang3\3.15.0\commons-lang3-3.15.0.jar;C:\Users\Krishna\.m2\repository\org\apache\commons\commons-compress\1.26.2\commons-compress-1.26.2.jar;C:\Users\Krishna\.m2\repository\commons-codec\commons-codec\1.17.0\commons-codec-1.17.0.jar;C:\Users\Krishna\.m2\repository\commons-io\commons-io\2.16.1\commons-io-2.16.1.jar;C:\Users\Krishna\.m2\repository\org\apache\httpcomponents\client5\httpclient5\5.2.1\httpclient5-5.2.1.jar;C:\Users\Krishna\.m2\repository\org\apache\httpcomponents\core5\httpcore5\5.2\httpcore5-5.2.jar;C:\Users\Krishna\.m2\repository\org\apache\httpcomponents\core5\httpcore5-h2\5.2\httpcore5-h2-5.2.jar;C:\Users\Krishna\.m2\repository\org\testng\testng\7.10.2\testng-7.10.2.jar;C:\Users\Krishna\.m2\repository\com\beust\jcommander\1.82\jcommander-1.82.jar;C:\Users\Krishna\.m2\repository\org\webjars\jquery\3.7.1\jquery-3.7.1.jar;C:\Users\Krishna\.m2\repository\io\cucumber\cucumber-java\7.18.1\cucumber-java-7.18.1.jar;C:\Users\Krishna\.m2\repository\io\cucumber\cucumber-core\7.18.1\cucumber-core-7.18.1.jar;C:\Users\Krishna\.m2\repository\io\cucumber\cucumber-gherkin\7.18.1\cucumber-gherkin-7.18.1.jar;C:\Users\Krishna\.m2\repository\io\cucumber\cucumber-gherkin-messages\7.18.1\cucumber-gherkin-messages-7.18.1.jar;C:\Users\Krishna\.m2\repository\io\cucumber\gherkin\28.0.0\gherkin-28.0.0.jar;C:\Users\Krishna\.m2\repository\io\cucumber\messages\24.1.0\messages-24.1.0.jar;C:\Users\Krishna\.m2\repository\io\cucumber\testng-xml-formatter\0.2.0\testng-xml-formatter-0.2.0.jar;C:\Users\Krishna\.m2\repository\io\cucumber\query\12.2.0\query-12.2.0.jar;C:\Users\Krishna\.m2\repository\io\cucumber\tag-expressions\6.1.0\tag-expressions-6.1.0.jar;C:\Users\Krishna\.m2\repository\io\cucumber\cucumber-expressions\17.1.0\cucumber-expressions-17.1.0.jar;C:\Users\Krishna\.m2\repository\io\cucumber\datatable\7.18.1\datatable-7.18.1.jar;C:\Users\Krishna\.m2\repository\io\cucumber\cucumber-plugin\7.18.1\cucumber-plugin-7.18.1.jar;C:\Users\Krishna\.m2\repository\io\cucumber\docstring\7.18.1\docstring-7.18.1.jar;C:\Users\Krishna\.m2\repository\io\cucumber\html-formatter\21.4.1\html-formatter-21.4.1.jar;C:\Users\Krishna\.m2\repository\io\cucumber\junit-xml-formatter\0.5.0\junit-xml-formatter-0.5.0.jar;C:\Users\Krishna\.m2\repository\io\cucumber\ci-environment\10.0.1\ci-environment-10.0.1.jar;C:\Users\Krishna\.m2\repository\org\apiguardian\apiguardian-api\1.1.2\apiguardian-api-1.1.2.jar;C:\Users\Krishna\.m2\repository\io\cucumber\cucumber-testng\7.18.1\cucumber-testng-7.18.1.jar;C:\Users\Krishna\.m2\repository\org\seleniumhq\selenium\selenium-java\4.24.0\selenium-java-4.24.0.jar;C:\Users\Krishna\.m2\repository\org\seleniumhq\selenium\selenium-api\4.24.0\selenium-api-4.24.0.jar;C:\Users\Krishna\.m2\repository\org\jspecify\jspecify\1.0.0\jspecify-1.0.0.jar;C:\Users\Krishna\.m2\repository\org\seleniumhq\selenium\selenium-chrome-driver\4.24.0\selenium-chrome-driver-4.24.0.jar;C:\Users\Krishna\.m2\repository\com\google\auto\service\auto-service-annotations\1.1.1\auto-service-annotations-1.1.1.jar;C:\Users\Krishna\.m2\repository\org\seleniumhq\selenium\selenium-chromium-driver\4.24.0\selenium-chromium-driver-4.24.0.jar;C:\Users\Krishna\.m2\repository\org\seleniumhq\selenium\selenium-json\4.24.0\selenium-json-4.24.0.jar;C:\Users\Krishna\.m2\repository\org\seleniumhq\selenium\selenium-manager\4.24.0\selenium-manager-4.24.0.jar;C:\Users\Krishna\.m2\repository\org\seleniumhq\selenium\selenium-devtools-v126\4.24.0\selenium-devtools-v126-4.24.0.jar;C:\Users\Krishna\.m2\repository\org\seleniumhq\selenium\selenium-devtools-v127\4.24.0\selenium-devtools-v127-4.24.0.jar;C:\Users\Krishna\.m2\repository\org\seleniumhq\selenium\selenium-devtools-v128\4.24.0\selenium-devtools-v128-4.24.0.jar;C:\Users\Krishna\.m2\repository\org\seleniumhq\selenium\selenium-devtools-v85\4.24.0\selenium-devtools-v85-4.24.0.jar;C:\Users\Krishna\.m2\repository\org\seleniumhq\selenium\selenium-edge-driver\4.24.0\selenium-edge-driver-4.24.0.jar;C:\Users\Krishna\.m2\repository\org\seleniumhq\selenium\selenium-firefox-driver\4.24.0\selenium-firefox-driver-4.24.0.jar;C:\Users\Krishna\.m2\repository\org\seleniumhq\selenium\selenium-http\4.24.0\selenium-http-4.24.0.jar;C:\Users\Krishna\.m2\repository\dev\failsafe\failsafe\3.3.2\failsafe-3.3.2.jar;C:\Users\Krishna\.m2\repository\org\seleniumhq\selenium\selenium-ie-driver\4.24.0\selenium-ie-driver-4.24.0.jar;C:\Users\Krishna\.m2\repository\org\seleniumhq\selenium\selenium-remote-driver\4.24.0\selenium-remote-driver-4.24.0.jar;C:\Users\Krishna\.m2\repository\com\google\guava\guava\33.3.0-jre\guava-33.3.0-jre.jar;C:\Users\Krishna\.m2\repository\com\google\guava\failureaccess\1.0.2\failureaccess-1.0.2.jar;C:\Users\Krishna\.m2\repository\com\google\guava\listenablefuture\9999.0-empty-to-avoid-conflict-with-guava\listenablefuture-9999.0-empty-to-avoid-conflict-with-guava.jar;C:\Users\Krishna\.m2\repository\com\google\code\findbugs\jsr305\3.0.2\jsr305-3.0.2.jar;C:\Users\Krishna\.m2\repository\org\checkerframework\checker-qual\3.43.0\checker-qual-3.43.0.jar;C:\Users\Krishna\.m2\repository\com\google\j2objc\j2objc-annotations\3.0.0\j2objc-annotations-3.0.0.jar;C:\Users\Krishna\.m2\repository\io\opentelemetry\semconv\opentelemetry-semconv\1.25.0-alpha\opentelemetry-semconv-1.25.0-alpha.jar;C:\Users\Krishna\.m2\repository\io\opentelemetry\opentelemetry-api\1.41.0\opentelemetry-api-1.41.0.jar;C:\Users\Krishna\.m2\repository\io\opentelemetry\opentelemetry-context\1.41.0\opentelemetry-context-1.41.0.jar;C:\Users\Krishna\.m2\repository\io\opentelemetry\opentelemetry-exporter-logging\1.41.0\opentelemetry-exporter-logging-1.41.0.jar;C:\Users\Krishna\.m2\repository\io\opentelemetry\opentelemetry-sdk-common\1.41.0\opentelemetry-sdk-common-1.41.0.jar;C:\Users\Krishna\.m2\repository\io\opentelemetry\opentelemetry-sdk-extension-autoconfigure-spi\1.41.0\opentelemetry-sdk-extension-autoconfigure-spi-1.41.0.jar;C:\Users\Krishna\.m2\repository\io\opentelemetry\opentelemetry-sdk-extension-autoconfigure\1.41.0\opentelemetry-sdk-extension-autoconfigure-1.41.0.jar;C:\Users\Krishna\.m2\repository\io\opentelemetry\opentelemetry-api-incubator\1.41.0-alpha\opentelemetry-api-incubator-1.41.0-alpha.jar;C:\Users\Krishna\.m2\repository\io\opentelemetry\opentelemetry-sdk-trace\1.41.0\opentelemetry-sdk-trace-1.41.0.jar;C:\Users\Krishna\.m2\repository\io\opentelemetry\opentelemetry-sdk\1.41.0\opentelemetry-sdk-1.41.0.jar;C:\Users\Krishna\.m2\repository\io\opentelemetry\opentelemetry-sdk-metrics\1.41.0\opentelemetry-sdk-metrics-1.41.0.jar;C:\Users\Krishna\.m2\repository\io\opentelemetry\opentelemetry-sdk-logs\1.41.0\opentelemetry-sdk-logs-1.41.0.jar;C:\Users\Krishna\.m2\repository\net\bytebuddy\byte-buddy\1.15.0\byte-buddy-1.15.0.jar;C:\Users\Krishna\.m2\repository\org\seleniumhq\selenium\selenium-os\4.24.0\selenium-os-4.24.0.jar;C:\Users\Krishna\.m2\repository\org\apache\commons\commons-exec\1.4.0\commons-exec-1.4.0.jar;C:\Users\Krishna\.m2\repository\org\seleniumhq\selenium\selenium-safari-driver\4.24.0\selenium-safari-driver-4.24.0.jar;C:\Users\Krishna\.m2\repository\org\seleniumhq\selenium\selenium-support\4.24.0\selenium-support-4.24.0.jar;"/>
    <property name="java.vm.vendor" value="Oracle Corporation"/>
    <property name="sun.arch.data.model" value="64"/>
    <property name="user.variant" value=""/>
    <property name="java.vendor.url" value="https://java.oracle.com/"/>
    <property name="user.timezone" value="Asia/Calcutta"/>
    <property name="os.name" value="Windows 11"/>
    <property name="java.vm.specification.version" value="21"/>
    <property name="sun.java.launcher" value="SUN_STANDARD"/>
    <property name="user.country" value="IN"/>
    <property name="sun.boot.library.path" value="C:\Program Files\Java\jdk-21\bin"/>
    <property name="sun.java.command" value="C:\Users\Krishna\AppData\Local\Temp\surefire2665174904566493000\surefirebooter-20240910083521720_3.jar C:\Users\Krishna\AppData\Local\Temp\surefire2665174904566493000 2024-09-10T08-35-21_550-jvmRun1 surefire-20240910083521720_1tmp surefire_0-20240910083521720_2tmp"/>
    <property name="jdk.debug" value="release"/>
    <property name="surefire.test.class.path" value="C:\Users\Krishna\eclipse-workspace\Crashcourse1\target\test-classes;C:\Users\Krishna\eclipse-workspace\Crashcourse1\target\classes;C:\Users\Krishna\.m2\repository\io\github\bonigarcia\webdrivermanager\5.9.2\webdrivermanager-5.9.2.jar;C:\Users\Krishna\.m2\repository\org\slf4j\slf4j-api\2.0.13\slf4j-api-2.0.13.jar;C:\Users\Krishna\.m2\repository\com\google\code\gson\gson\2.11.0\gson-2.11.0.jar;C:\Users\Krishna\.m2\repository\com\google\errorprone\error_prone_annotations\2.27.0\error_prone_annotations-2.27.0.jar;C:\Users\Krishna\.m2\repository\com\github\docker-java\docker-java\3.4.0\docker-java-3.4.0.jar;C:\Users\Krishna\.m2\repository\com\github\docker-java\docker-java-core\3.4.0\docker-java-core-3.4.0.jar;C:\Users\Krishna\.m2\repository\com\github\docker-java\docker-java-api\3.4.0\docker-java-api-3.4.0.jar;C:\Users\Krishna\.m2\repository\com\fasterxml\jackson\core\jackson-annotations\2.10.3\jackson-annotations-2.10.3.jar;C:\Users\Krishna\.m2\repository\com\fasterxml\jackson\core\jackson-databind\2.10.3\jackson-databind-2.10.3.jar;C:\Users\Krishna\.m2\repository\com\fasterxml\jackson\core\jackson-core\2.10.3\jackson-core-2.10.3.jar;C:\Users\Krishna\.m2\repository\org\slf4j\jcl-over-slf4j\1.7.30\jcl-over-slf4j-1.7.30.jar;C:\Users\Krishna\.m2\repository\com\github\docker-java\docker-java-transport-httpclient5\3.4.0\docker-java-transport-httpclient5-3.4.0.jar;C:\Users\Krishna\.m2\repository\com\github\docker-java\docker-java-transport\3.4.0\docker-java-transport-3.4.0.jar;C:\Users\Krishna\.m2\repository\net\java\dev\jna\jna\5.13.0\jna-5.13.0.jar;C:\Users\Krishna\.m2\repository\org\brotli\dec\0.1.2\dec-0.1.2.jar;C:\Users\Krishna\.m2\repository\org\apache\commons\commons-lang3\3.15.0\commons-lang3-3.15.0.jar;C:\Users\Krishna\.m2\repository\org\apache\commons\commons-compress\1.26.2\commons-compress-1.26.2.jar;C:\Users\Krishna\.m2\repository\commons-codec\commons-codec\1.17.0\commons-codec-1.17.0.jar;C:\Users\Krishna\.m2\repository\commons-io\commons-io\2.16.1\commons-io-2.16.1.jar;C:\Users\Krishna\.m2\repository\org\apache\httpcomponents\client5\httpclient5\5.2.1\httpclient5-5.2.1.jar;C:\Users\Krishna\.m2\repository\org\apache\httpcomponents\core5\httpcore5\5.2\httpcore5-5.2.jar;C:\Users\Krishna\.m2\repository\org\apache\httpcomponents\core5\httpcore5-h2\5.2\httpcore5-h2-5.2.jar;C:\Users\Krishna\.m2\repository\org\testng\testng\7.10.2\testng-7.10.2.jar;C:\Users\Krishna\.m2\repository\com\beust\jcommander\1.82\jcommander-1.82.jar;C:\Users\Krishna\.m2\repository\org\webjars\jquery\3.7.1\jquery-3.7.1.jar;C:\Users\Krishna\.m2\repository\io\cucumber\cucumber-java\7.18.1\cucumber-java-7.18.1.jar;C:\Users\Krishna\.m2\repository\io\cucumber\cucumber-core\7.18.1\cucumber-core-7.18.1.jar;C:\Users\Krishna\.m2\repository\io\cucumber\cucumber-gherkin\7.18.1\cucumber-gherkin-7.18.1.jar;C:\Users\Krishna\.m2\repository\io\cucumber\cucumber-gherkin-messages\7.18.1\cucumber-gherkin-messages-7.18.1.jar;C:\Users\Krishna\.m2\repository\io\cucumber\gherkin\28.0.0\gherkin-28.0.0.jar;C:\Users\Krishna\.m2\repository\io\cucumber\messages\24.1.0\messages-24.1.0.jar;C:\Users\Krishna\.m2\repository\io\cucumber\testng-xml-formatter\0.2.0\testng-xml-formatter-0.2.0.jar;C:\Users\Krishna\.m2\repository\io\cucumber\query\12.2.0\query-12.2.0.jar;C:\Users\Krishna\.m2\repository\io\cucumber\tag-expressions\6.1.0\tag-expressions-6.1.0.jar;C:\Users\Krishna\.m2\repository\io\cucumber\cucumber-expressions\17.1.0\cucumber-expressions-17.1.0.jar;C:\Users\Krishna\.m2\repository\io\cucumber\datatable\7.18.1\datatable-7.18.1.jar;C:\Users\Krishna\.m2\repository\io\cucumber\cucumber-plugin\7.18.1\cucumber-plugin-7.18.1.jar;C:\Users\Krishna\.m2\repository\io\cucumber\docstring\7.18.1\docstring-7.18.1.jar;C:\Users\Krishna\.m2\repository\io\cucumber\html-formatter\21.4.1\html-formatter-21.4.1.jar;C:\Users\Krishna\.m2\repository\io\cucumber\junit-xml-formatter\0.5.0\junit-xml-formatter-0.5.0.jar;C:\Users\Krishna\.m2\repository\io\cucumber\ci-environment\10.0.1\ci-environment-10.0.1.jar;C:\Users\Krishna\.m2\repository\org\apiguardian\apiguardian-api\1.1.2\apiguardian-api-1.1.2.jar;C:\Users\Krishna\.m2\repository\io\cucumber\cucumber-testng\7.18.1\cucumber-testng-7.18.1.jar;C:\Users\Krishna\.m2\repository\org\seleniumhq\selenium\selenium-java\4.24.0\selenium-java-4.24.0.jar;C:\Users\Krishna\.m2\repository\org\seleniumhq\selenium\selenium-api\4.24.0\selenium-api-4.24.0.jar;C:\Users\Krishna\.m2\repository\org\jspecify\jspecify\1.0.0\jspecify-1.0.0.jar;C:\Users\Krishna\.m2\repository\org\seleniumhq\selenium\selenium-chrome-driver\4.24.0\selenium-chrome-driver-4.24.0.jar;C:\Users\Krishna\.m2\repository\com\google\auto\service\auto-service-annotations\1.1.1\auto-service-annotations-1.1.1.jar;C:\Users\Krishna\.m2\repository\org\seleniumhq\selenium\selenium-chromium-driver\4.24.0\selenium-chromium-driver-4.24.0.jar;C:\Users\Krishna\.m2\repository\org\seleniumhq\selenium\selenium-json\4.24.0\selenium-json-4.24.0.jar;C:\Users\Krishna\.m2\repository\org\seleniumhq\selenium\selenium-manager\4.24.0\selenium-manager-4.24.0.jar;C:\Users\Krishna\.m2\repository\org\seleniumhq\selenium\selenium-devtools-v126\4.24.0\selenium-devtools-v126-4.24.0.jar;C:\Users\Krishna\.m2\repository\org\seleniumhq\selenium\selenium-devtools-v127\4.24.0\selenium-devtools-v127-4.24.0.jar;C:\Users\Krishna\.m2\repository\org\seleniumhq\selenium\selenium-devtools-v128\4.24.0\selenium-devtools-v128-4.24.0.jar;C:\Users\Krishna\.m2\repository\org\seleniumhq\selenium\selenium-devtools-v85\4.24.0\selenium-devtools-v85-4.24.0.jar;C:\Users\Krishna\.m2\repository\org\seleniumhq\selenium\selenium-edge-driver\4.24.0\selenium-edge-driver-4.24.0.jar;C:\Users\Krishna\.m2\repository\org\seleniumhq\selenium\selenium-firefox-driver\4.24.0\selenium-firefox-driver-4.24.0.jar;C:\Users\Krishna\.m2\repository\org\seleniumhq\selenium\selenium-http\4.24.0\selenium-http-4.24.0.jar;C:\Users\Krishna\.m2\repository\dev\failsafe\failsafe\3.3.2\failsafe-3.3.2.jar;C:\Users\Krishna\.m2\repository\org\seleniumhq\selenium\selenium-ie-driver\4.24.0\selenium-ie-driver-4.24.0.jar;C:\Users\Krishna\.m2\repository\org\seleniumhq\selenium\selenium-remote-driver\4.24.0\selenium-remote-driver-4.24.0.jar;C:\Users\Krishna\.m2\repository\com\google\guava\guava\33.3.0-jre\guava-33.3.0-jre.jar;C:\Users\Krishna\.m2\repository\com\google\guava\failureaccess\1.0.2\failureaccess-1.0.2.jar;C:\Users\Krishna\.m2\repository\com\google\guava\listenablefuture\9999.0-empty-to-avoid-conflict-with-guava\listenablefuture-9999.0-empty-to-avoid-conflict-with-guava.jar;C:\Users\Krishna\.m2\repository\com\google\code\findbugs\jsr305\3.0.2\jsr305-3.0.2.jar;C:\Users\Krishna\.m2\repository\org\checkerframework\checker-qual\3.43.0\checker-qual-3.43.0.jar;C:\Users\Krishna\.m2\repository\com\google\j2objc\j2objc-annotations\3.0.0\j2objc-annotations-3.0.0.jar;C:\Users\Krishna\.m2\repository\io\opentelemetry\semconv\opentelemetry-semconv\1.25.0-alpha\opentelemetry-semconv-1.25.0-alpha.jar;C:\Users\Krishna\.m2\repository\io\opentelemetry\opentelemetry-api\1.41.0\opentelemetry-api-1.41.0.jar;C:\Users\Krishna\.m2\repository\io\opentelemetry\opentelemetry-context\1.41.0\opentelemetry-context-1.41.0.jar;C:\Users\Krishna\.m2\repository\io\opentelemetry\opentelemetry-exporter-logging\1.41.0\opentelemetry-exporter-logging-1.41.0.jar;C:\Users\Krishna\.m2\repository\io\opentelemetry\opentelemetry-sdk-common\1.41.0\opentelemetry-sdk-common-1.41.0.jar;C:\Users\Krishna\.m2\repository\io\opentelemetry\opentelemetry-sdk-extension-autoconfigure-spi\1.41.0\opentelemetry-sdk-extension-autoconfigure-spi-1.41.0.jar;C:\Users\Krishna\.m2\repository\io\opentelemetry\opentelemetry-sdk-extension-autoconfigure\1.41.0\opentelemetry-sdk-extension-autoconfigure-1.41.0.jar;C:\Users\Krishna\.m2\repository\io\opentelemetry\opentelemetry-api-incubator\1.41.0-alpha\opentelemetry-api-incubator-1.41.0-alpha.jar;C:\Users\Krishna\.m2\repository\io\opentelemetry\opentelemetry-sdk-trace\1.41.0\opentelemetry-sdk-trace-1.41.0.jar;C:\Users\Krishna\.m2\repository\io\opentelemetry\opentelemetry-sdk\1.41.0\opentelemetry-sdk-1.41.0.jar;C:\Users\Krishna\.m2\repository\io\opentelemetry\opentelemetry-sdk-metrics\1.41.0\opentelemetry-sdk-metrics-1.41.0.jar;C:\Users\Krishna\.m2\repository\io\opentelemetry\opentelemetry-sdk-logs\1.41.0\opentelemetry-sdk-logs-1.41.0.jar;C:\Users\Krishna\.m2\repository\net\bytebuddy\byte-buddy\1.15.0\byte-buddy-1.15.0.jar;C:\Users\Krishna\.m2\repository\org\seleniumhq\selenium\selenium-os\4.24.0\selenium-os-4.24.0.jar;C:\Users\Krishna\.m2\repository\org\apache\commons\commons-exec\1.4.0\commons-exec-1.4.0.jar;C:\Users\Krishna\.m2\repository\org\seleniumhq\selenium\selenium-safari-driver\4.24.0\selenium-safari-driver-4.24.0.jar;C:\Users\Krishna\.m2\repository\org\seleniumhq\selenium\selenium-support\4.24.0\selenium-support-4.24.0.jar;"/>
    <property name="sun.cpu.endian" value="little"/>
    <property name="user.home" value="C:\Users\Krishna"/>
    <property name="user.language" value="en"/>
    <property name="java.specification.vendor" value="Oracle Corporation"/>
    <property name="java.version.date" value="2023-10-17"/>
    <property name="java.home" value="C:\Program Files\Java\jdk-21"/>
    <property name="file.separator" value="\"/>
    <property name="basedir" value="C:\Users\Krishna\eclipse-workspace\Crashcourse1"/>
    <property name="java.vm.compressedOopsMode" value="32-bit"/>
    <property name="line.separator" value="&#10;"/>
    <property name="java.vm.specification.vendor" value="Oracle Corporation"/>
    <property name="java.specification.name" value="Java Platform API Specification"/>
    <property name="surefire.real.class.path" value="C:\Users\Krishna\AppData\Local\Temp\surefire2665174904566493000\surefirebooter-20240910083521720_3.jar"/>
    <property name="user.script" value=""/>
    <property name="sun.management.compiler" value="HotSpot 64-Bit Tiered Compilers"/>
    <property name="java.runtime.version" value="21.0.1+12-LTS-29"/>
    <property name="user.name" value="Krishna"/>
    <property name="stdout.encoding" value="Cp1252"/>
    <property name="path.separator" value=";"/>
    <property name="os.version" value="10.0"/>
    <property name="java.runtime.name" value="Java(TM) SE Runtime Environment"/>
    <property name="file.encoding" value="UTF-8"/>
    <property name="java.vm.name" value="Java HotSpot(TM) 64-Bit Server VM"/>
    <property name="localRepository" value="C:\Users\Krishna\.m2\repository"/>
    <property name="java.vendor.url.bug" value="https://bugreport.java.com/bugreport/"/>
    <property name="java.io.tmpdir" value="C:\Users\Krishna\AppData\Local\Temp\"/>
    <property name="java.version" value="21.0.1"/>
    <property name="user.dir" value="C:\Users\Krishna\eclipse-workspace\Crashcourse1"/>
    <property name="os.arch" value="amd64"/>
    <property name="java.vm.specification.name" value="Java Virtual Machine Specification"/>
    <property name="sun.os.patch.level" value=""/>
    <property name="native.encoding" value="Cp1252"/>
    <property name="java.library.path" value="C:\Program Files\Java\jdk-21\bin;C:\Windows\Sun\Java\bin;C:\Windows\system32;C:\Windows;C:\Program Files\Common Files\Oracle\Java\javapath;C:\Windows\system32;C:\Windows;C:\Windows\System32\Wbem;C:\Windows\System32\WindowsPowerShell\v1.0\;C:\Windows\System32\OpenSSH\;C:\Program Files\dotnet\;C:\Program Files\Java\jdk-21\bin;C:\Program Files\Git\cmd;C:\Program Files\Java\apache-maven-3.9.8-bin\apache-maven-3.9.8\bin;C:\Users\Krishna\AppData\Local\Microsoft\WindowsApps;C:\Program Files\Java\apache-maven-3.9.8-bin\apache-maven-3.9.8\bin;;."/>
    <property name="java.vm.info" value="mixed mode, sharing"/>
    <property name="stderr.encoding" value="Cp1252"/>
    <property name="java.vendor" value="Oracle Corporation"/>
    <property name="java.vm.version" value="21.0.1+12-LTS-29"/>
    <property name="sun.io.unicode.encoding" value="UnicodeLittle"/>
    <property name="java.class.version" value="65.0"/>
  </properties>
  <testcase name="setUpClass[org.testng.TestRunner@5c45d770](0)" classname="Runner.TestRunner" time="0.551">
    <failure message="path must exist: C:\Users\Krishna\eclipse-workspace\Crashcourse1\src\test\resources\feature" type="java.lang.IllegalArgumentException"><![CDATA[java.lang.IllegalArgumentException: path must exist: C:\Users\Krishna\eclipse-workspace\Crashcourse1\src\test\resources\feature
	at io.cucumber.core.resource.PathScanner.findResourcesForPath(PathScanner.java:49)
	at io.cucumber.core.resource.PathScanner.findResourcesForUri(PathScanner.java:31)
	at io.cucumber.core.resource.ResourceScanner.findResourcesForUri(ResourceScanner.java:61)
	at io.cucumber.core.resource.ResourceScanner.scanForResourcesUri(ResourceScanner.java:134)
	at io.cucumber.core.runtime.FeaturePathFeatureSupplier.loadFeatures(FeaturePathFeatureSupplier.java:62)
	at io.cucumber.core.runtime.FeaturePathFeatureSupplier.get(FeaturePathFeatureSupplier.java:45)
	at io.cucumber.testng.TestNGCucumberRunner.<init>(TestNGCucumberRunner.java:122)
	at io.cucumber.testng.AbstractTestNGCucumberTests.setUpClass(AbstractTestNGCucumberTests.java:27)
	at java.base/jdk.internal.reflect.DirectMethodHandleAccessor.invoke(DirectMethodHandleAccessor.java:103)
	at java.base/java.lang.reflect.Method.invoke(Method.java:580)
	at org.testng.internal.invokers.MethodInvocationHelper.invokeMethod(MethodInvocationHelper.java:141)
	at org.testng.internal.invokers.MethodInvocationHelper.invokeMethodConsideringTimeout(MethodInvocationHelper.java:71)
	at org.testng.internal.invokers.ConfigInvoker.invokeConfigurationMethod(ConfigInvoker.java:400)
	at org.testng.internal.invokers.ConfigInvoker.invokeConfigurations(ConfigInvoker.java:333)
	at org.testng.internal.invokers.TestMethodWorker.invokeBeforeClassMethods(TestMethodWorker.java:188)
	at org.testng.internal.invokers.TestMethodWorker.run(TestMethodWorker.java:128)
	at java.base/java.util.ArrayList.forEach(ArrayList.java:1596)
	at org.testng.TestRunner.privateRun(TestRunner.java:739)
	at org.testng.TestRunner.run(TestRunner.java:614)
	at org.testng.SuiteRunner.runTest(SuiteRunner.java:421)
	at org.testng.SuiteRunner.runSequentially(SuiteRunner.java:413)
	at org.testng.SuiteRunner.privateRun(SuiteRunner.java:373)
	at org.testng.SuiteRunner.run(SuiteRunner.java:312)
	at org.testng.SuiteRunnerWorker.runSuite(SuiteRunnerWorker.java:52)
	at org.testng.SuiteRunnerWorker.run(SuiteRunnerWorker.java:95)
	at org.testng.TestNG.runSuitesSequentially(TestNG.java:1274)
	at org.testng.TestNG.runSuitesLocally(TestNG.java:1208)
	at org.testng.TestNG.runSuites(TestNG.java:1112)
	at org.testng.TestNG.run(TestNG.java:1079)
	at org.apache.maven.surefire.testng.TestNGExecutor.run(TestNGExecutor.java:155)
	at org.apache.maven.surefire.testng.TestNGDirectoryTestSuite.executeSingleClass(TestNGDirectoryTestSuite.java:102)
	at org.apache.maven.surefire.testng.TestNGDirectoryTestSuite.execute(TestNGDirectoryTestSuite.java:91)
	at org.apache.maven.surefire.testng.TestNGProvider.invoke(TestNGProvider.java:137)
	at org.apache.maven.surefire.booter.ForkedBooter.runSuitesInProcess(ForkedBooter.java:385)
	at org.apache.maven.surefire.booter.ForkedBooter.execute(ForkedBooter.java:162)
	at org.apache.maven.surefire.booter.ForkedBooter.run(ForkedBooter.java:507)
	at org.apache.maven.surefire.booter.ForkedBooter.main(ForkedBooter.java:495)
]]></failure>
    <system-err><![CDATA[SLF4J(W): No SLF4J providers were found.
SLF4J(W): Defaulting to no-operation (NOP) logger implementation
SLF4J(W): See https://www.slf4j.org/codes.html#noProviders for further details.
]]></system-err>
  </testcase>
</testsuite>